<?xml version="1.0" encoding="UTF-8"?>
<!-- Generated by org.testng.reporters.JUnitReportReporter -->
<testsuite hostname="LAPTOP-EPH5CKEJ" failures="0" tests="4" name="TestNG_Progs.Enabledtest" time="0.016" errors="0" timestamp="18 Jun 2018 02:26:07 GMT" skipped="1">
  <testcase classname="TestNG_Progs.Enabledtest" name="r" time="0.002"/>
  <testcase classname="TestNG_Progs.Enabledtest" name="f" time="0.012"/>
  <testcase classname="TestNG_Progs.Enabledtest" name="g" time="0.002"/>
  <testcase classname="TestNG_Progs.Enabledtest" name="uoib">
    <skipped/>
  </testcase> <!-- uoib -->
</testsuite> <!-- TestNG_Progs.Enabledtest -->
