<?xml version="1.0" encoding="UTF-8"?>
<!-- Generated by org.testng.reporters.JUnitReportReporter -->
<testsuite hostname="LAPTOP-EPH5CKEJ" failures="0" tests="1" name="TestNG_Progs.secondprog" time="0.001" errors="0" timestamp="18 Jun 2018 02:26:07 GMT" skipped="0">
  <testcase classname="TestNG_Progs.secondprog" name="f" time="0.001"/>
</testsuite> <!-- TestNG_Progs.secondprog -->
