<?xml version="1.0" encoding="UTF-8"?>
<!-- Generated by org.testng.reporters.JUnitReportReporter -->
<testsuite hostname="LAPTOP-EPH5CKEJ" failures="0" tests="3" name="TestNG_Progs.crosstesting" time="282.005" errors="0" timestamp="18 Jun 2018 22:56:06 GMT" skipped="0">
  <testcase classname="TestNG_Progs.crosstesting" name="f" time="2.052"/>
  <testcase classname="TestNG_Progs.crosstesting" name="f" time="276.795"/>
  <testcase classname="TestNG_Progs.crosstesting" name="f" time="3.158"/>
</testsuite> <!-- TestNG_Progs.crosstesting -->
