<?xml version="1.0" encoding="UTF-8"?>
<!-- Generated by org.testng.reporters.JUnitReportReporter -->
<testsuite hostname="LAPTOP-EPH5CKEJ" failures="0" tests="12" name="TestNG_Progs.FirstProg" time="0.035" errors="0" timestamp="18 Jun 2018 22:56:06 GMT" skipped="0">
  <testcase classname="TestNG_Progs.FirstProg" name="sendmail" time="0.001"/>
  <testcase classname="TestNG_Progs.FirstProg" name="f" time="0.008"/>
  <testcase classname="TestNG_Progs.FirstProg" name="logout" time="0.001"/>
  <testcase classname="TestNG_Progs.FirstProg" name="login" time="0.004"/>
  <testcase classname="TestNG_Progs.FirstProg" name="sendmail" time="0.002"/>
  <testcase classname="TestNG_Progs.FirstProg" name="logout" time="0.004"/>
  <testcase classname="TestNG_Progs.FirstProg" name="login" time="0.002"/>
  <testcase classname="TestNG_Progs.FirstProg" name="f" time="0.002"/>
  <testcase classname="TestNG_Progs.FirstProg" name="login" time="0.004"/>
  <testcase classname="TestNG_Progs.FirstProg" name="f" time="0.001"/>
  <testcase classname="TestNG_Progs.FirstProg" name="sendmail" time="0.003"/>
  <testcase classname="TestNG_Progs.FirstProg" name="logout" time="0.003"/>
</testsuite> <!-- TestNG_Progs.FirstProg -->
