<?xml version="1.0" encoding="UTF-8"?>
<!-- Generated by org.testng.reporters.JUnitReportReporter -->
<testsuite hostname="LAPTOP-EPH5CKEJ" failures="0" tests="2" name="TestNG_Progs.Thirdprog" time="0.004" errors="0" timestamp="18 Jun 2018 02:26:07 GMT" skipped="0">
  <testcase classname="TestNG_Progs.Thirdprog" name="g" time="0.001"/>
  <testcase classname="TestNG_Progs.Thirdprog" name="f" time="0.003"/>
</testsuite> <!-- TestNG_Progs.Thirdprog -->
