<?xml version="1.0" encoding="UTF-8"?>
<!-- Generated by org.testng.reporters.JUnitReportReporter -->
<testsuite hostname="LAPTOP-EPH5CKEJ" failures="0" tests="4" name="TestNG_Progs.proirty_test" time="0.032" errors="0" timestamp="15 Jun 2018 17:27:08 GMT" skipped="0">
  <testcase classname="TestNG_Progs.proirty_test" name="login" time="0.017"/>
  <testcase classname="TestNG_Progs.proirty_test" name="logout" time="0.005"/>
  <testcase classname="TestNG_Progs.proirty_test" name="sendmail" time="0.008"/>
  <testcase classname="TestNG_Progs.proirty_test" name="z" time="0.002"/>
</testsuite> <!-- TestNG_Progs.proirty_test -->
