<?xml version="1.0" encoding="UTF-8"?>
<!-- Generated by org.testng.reporters.JUnitReportReporter -->
<testsuite hostname="LAPTOP-EPH5CKEJ" failures="0" tests="1" name="TestNG_Progs.CollegeWeekLive" time="2.923" errors="0" timestamp="18 Jun 2018 02:32:58 GMT" skipped="0">
  <testcase classname="TestNG_Progs.CollegeWeekLive" name="f" time="2.923"/>
</testsuite> <!-- TestNG_Progs.CollegeWeekLive -->
